<?xml version="1.0" encoding="UTF-8"?>
<testng-results skipped="0" failed="0" ignored="0" total="1" passed="1">
  <reporter-output>
  </reporter-output>
  <suite name="Default suite" duration-ms="46872" started-at="2018-07-26T11:29:11Z" finished-at="2018-07-26T11:29:58Z">
    <groups>
    </groups>
    <test name="Default test" duration-ms="46872" started-at="2018-07-26T11:29:11Z" finished-at="2018-07-26T11:29:58Z">
      <class name="MyShopmatic.NI.SignUpWithBlankTemplate">
        <test-method status="PASS" signature="setProperties()[pri:0, instance:MyShopmatic.NI.SignUpWithBlankTemplate@e25b2fe]" name="setProperties" is-config="true" duration-ms="2321" started-at="2018-07-26T11:29:11Z" finished-at="2018-07-26T11:29:13Z">
          <reporter-output>
          </reporter-output>
        </test-method> <!-- setProperties -->
        <test-method status="PASS" signature="testMethod_stage()[pri:0, instance:MyShopmatic.NI.SignUpWithBlankTemplate@e25b2fe]" name="testMethod_stage" duration-ms="43945" started-at="2018-07-26T11:29:13Z" finished-at="2018-07-26T11:29:57Z">
          <reporter-output>
          </reporter-output>
        </test-method> <!-- testMethod_stage -->
        <test-method status="PASS" signature="takeScreenshot()[pri:0, instance:MyShopmatic.NI.SignUpWithBlankTemplate@e25b2fe]" name="takeScreenshot" is-config="true" duration-ms="482" started-at="2018-07-26T11:29:57Z" finished-at="2018-07-26T11:29:58Z">
          <reporter-output>
          </reporter-output>
        </test-method> <!-- takeScreenshot -->
        <test-method status="PASS" signature="closeWindow()[pri:0, instance:MyShopmatic.NI.SignUpWithBlankTemplate@e25b2fe]" name="closeWindow" is-config="true" duration-ms="97" started-at="2018-07-26T11:29:58Z" depends-on-methods="BaseClass.BaseClass.takeScreenshot" finished-at="2018-07-26T11:29:58Z">
          <reporter-output>
          </reporter-output>
        </test-method> <!-- closeWindow -->
      </class> <!-- MyShopmatic.NI.SignUpWithBlankTemplate -->
    </test> <!-- Default test -->
  </suite> <!-- Default suite -->
</testng-results>
